Build started 10/23/2010 8:49:31 AM.
     1>Project "M:\Computer Programing\COMSC 265\Labs\Lab 1213\iqbals code\iqbals code\iqbals code.vcxproj" on node 2 (build target(s)).
     1>InitializeBuildStatus:
         Creating "Debug\iqbals code.unsuccessfulbuild" because "AlwaysCreate" was specified.
       ClCompile:
         All outputs are up-to-date.
         C:\Program Files (x86)\Microsoft Visual Studio 10.0\VC\bin\CL.exe /c /ZI /nologo /W3 /WX- /Od /Oy- /D WIN32 /D _DEBUG /D _CONSOLE /D _UNICODE /D UNICODE /Gm /EHsc /RTC1 /MDd /GS /fp:precise /Zc:wchar_t /Zc:forScope /Yu"StdAfx.h" /Fp"Debug\iqbals code.pch" /Fo"Debug\\" /Fd"Debug\vc100.pdb" /Gd /TP /analyze- /errorReport:prompt "iqbals code.cpp"
         iqbals code.cpp
       ManifestResourceCompile:
         All outputs are up-to-date.
       Link:
         C:\Program Files (x86)\Microsoft Visual Studio 10.0\VC\bin\link.exe /ERRORREPORT:PROMPT /OUT:"M:\Computer Programing\COMSC 265\Labs\Lab 1213\iqbals code\Debug\iqbals code.exe" /INCREMENTAL /NOLOGO kernel32.lib user32.lib gdi32.lib winspool.lib comdlg32.lib advapi32.lib shell32.lib ole32.lib oleaut32.lib uuid.lib odbc32.lib odbccp32.lib /MANIFEST /ManifestFile:"Debug\iqbals code.exe.intermediate.manifest" /MANIFESTUAC:"level='asInvoker' uiAccess='false'" /DEBUG /PDB:"M:\Computer Programing\COMSC 265\Labs\Lab 1213\iqbals code\Debug\iqbals code.pdb" /SUBSYSTEM:CONSOLE /TLBID:1 /DYNAMICBASE /NXCOMPAT /IMPLIB:"M:\Computer Programing\COMSC 265\Labs\Lab 1213\iqbals code\Debug\iqbals code.lib" /MACHINE:X86 "Debug\iqbals code.exe.embed.manifest.res"
         "Debug\iqbals code.obj"
         Debug\stdafx.obj
       Manifest:
         C:\Program Files (x86)\Microsoft SDKs\Windows\v7.0A\bin\mt.exe /nologo /verbose /out:"Debug\iqbals code.exe.embed.manifest" /manifest "Debug\iqbals code.exe.intermediate.manifest"
         All outputs are up-to-date.
       LinkEmbedManifest:
         All outputs are up-to-date.
         iqbals code.vcxproj -> M:\Computer Programing\COMSC 265\Labs\Lab 1213\iqbals code\Debug\iqbals code.exe
       FinalizeBuildStatus:
         Deleting file "Debug\iqbals code.unsuccessfulbuild".
         Touching "Debug\iqbals code.lastbuildstate".
     1>Done Building Project "M:\Computer Programing\COMSC 265\Labs\Lab 1213\iqbals code\iqbals code\iqbals code.vcxproj" (build target(s)).

Build succeeded.

Time Elapsed 00:00:10.13
