Build started 8/23/2010 12:41:38 AM.
     1>Project "C:\Users\Rios\Documents\Visual Studio 2010\Projects\Comsc 265\Labs\Lab1\leapYearCalculator\leapYearCalculator\leapYearCalculator.vcxproj" on node 2 (build target(s)).
     1>PrepareForBuild:
         Creating directory "C:\Users\Rios\Documents\Visual Studio 2010\Projects\Comsc 265\Labs\Lab1\leapYearCalculator\Debug\".
       InitializeBuildStatus:
         Creating "Debug\leapYearCalculator.unsuccessfulbuild" because "AlwaysCreate" was specified.
       ClCompile:
         C:\Program Files (x86)\Microsoft Visual Studio 10.0\VC\bin\CL.exe /c /ZI /nologo /W3 /WX- /Od /Oy- /D WIN32 /D _DEBUG /D _CONSOLE /D _UNICODE /D UNICODE /Gm /EHsc /RTC1 /MDd /GS /fp:precise /Zc:wchar_t /Zc:forScope /Yc"StdAfx.h" /Fp"Debug\leapYearCalculator.pch" /Fo"Debug\\" /Fd"Debug\vc100.pdb" /Gd /TP /analyze- /errorReport:prompt stdafx.cpp
         stdafx.cpp
         C:\Program Files (x86)\Microsoft Visual Studio 10.0\VC\bin\CL.exe /c /ZI /nologo /W3 /WX- /Od /Oy- /D WIN32 /D _DEBUG /D _CONSOLE /D _UNICODE /D UNICODE /Gm /EHsc /RTC1 /MDd /GS /fp:precise /Zc:wchar_t /Zc:forScope /Yu"StdAfx.h" /Fp"Debug\leapYearCalculator.pch" /Fo"Debug\\" /Fd"Debug\vc100.pdb" /Gd /TP /analyze- /errorReport:prompt leapYearCalculator.cpp
         leapYearCalculator.cpp
       ManifestResourceCompile:
         C:\Program Files (x86)\Microsoft SDKs\Windows\v7.0A\bin\rc.exe /nologo /fo"Debug\leapYearCalculator.exe.embed.manifest.res" Debug\leapYearCalculator_manifest.rc 
       Link:
         C:\Program Files (x86)\Microsoft Visual Studio 10.0\VC\bin\link.exe /ERRORREPORT:PROMPT /OUT:"C:\Users\Rios\Documents\Visual Studio 2010\Projects\Comsc 265\Labs\Lab1\leapYearCalculator\Debug\leapYearCalculator.exe" /INCREMENTAL /NOLOGO kernel32.lib user32.lib gdi32.lib winspool.lib comdlg32.lib advapi32.lib shell32.lib ole32.lib oleaut32.lib uuid.lib odbc32.lib odbccp32.lib /MANIFEST /ManifestFile:"Debug\leapYearCalculator.exe.intermediate.manifest" /MANIFESTUAC:"level='asInvoker' uiAccess='false'" /DEBUG /PDB:"C:\Users\Rios\Documents\Visual Studio 2010\Projects\Comsc 265\Labs\Lab1\leapYearCalculator\Debug\leapYearCalculator.pdb" /SUBSYSTEM:CONSOLE /TLBID:1 /DYNAMICBASE /NXCOMPAT /IMPLIB:"C:\Users\Rios\Documents\Visual Studio 2010\Projects\Comsc 265\Labs\Lab1\leapYearCalculator\Debug\leapYearCalculator.lib" /MACHINE:X86 Debug\leapYearCalculator.exe.embed.manifest.res
         Debug\leapYearCalculator.obj
         Debug\stdafx.obj
       Manifest:
         C:\Program Files (x86)\Microsoft SDKs\Windows\v7.0A\bin\mt.exe /nologo /verbose /out:"Debug\leapYearCalculator.exe.embed.manifest" /manifest Debug\leapYearCalculator.exe.intermediate.manifest
         C:\Program Files (x86)\Microsoft SDKs\Windows\v7.0A\bin\rc.exe /nologo /fo"Debug\leapYearCalculator.exe.embed.manifest.res" Debug\leapYearCalculator_manifest.rc 
       LinkEmbedManifest:
         C:\Program Files (x86)\Microsoft Visual Studio 10.0\VC\bin\link.exe /ERRORREPORT:PROMPT /OUT:"C:\Users\Rios\Documents\Visual Studio 2010\Projects\Comsc 265\Labs\Lab1\leapYearCalculator\Debug\leapYearCalculator.exe" /INCREMENTAL /NOLOGO kernel32.lib user32.lib gdi32.lib winspool.lib comdlg32.lib advapi32.lib shell32.lib ole32.lib oleaut32.lib uuid.lib odbc32.lib odbccp32.lib /MANIFEST /ManifestFile:"Debug\leapYearCalculator.exe.intermediate.manifest" /MANIFESTUAC:"level='asInvoker' uiAccess='false'" /DEBUG /PDB:"C:\Users\Rios\Documents\Visual Studio 2010\Projects\Comsc 265\Labs\Lab1\leapYearCalculator\Debug\leapYearCalculator.pdb" /SUBSYSTEM:CONSOLE /TLBID:1 /DYNAMICBASE /NXCOMPAT /IMPLIB:"C:\Users\Rios\Documents\Visual Studio 2010\Projects\Comsc 265\Labs\Lab1\leapYearCalculator\Debug\leapYearCalculator.lib" /MACHINE:X86 Debug\leapYearCalculator.exe.embed.manifest.res
         Debug\leapYearCalculator.obj
         Debug\stdafx.obj
         leapYearCalculator.vcxproj -> C:\Users\Rios\Documents\Visual Studio 2010\Projects\Comsc 265\Labs\Lab1\leapYearCalculator\Debug\leapYearCalculator.exe
       FinalizeBuildStatus:
         Deleting file "Debug\leapYearCalculator.unsuccessfulbuild".
         Touching "Debug\leapYearCalculator.lastbuildstate".
     1>Done Building Project "C:\Users\Rios\Documents\Visual Studio 2010\Projects\Comsc 265\Labs\Lab1\leapYearCalculator\leapYearCalculator\leapYearCalculator.vcxproj" (build target(s)).

Build succeeded.

Time Elapsed 00:00:01.46
