Build started 10/27/2010 2:02:11 PM.
     1>Project "E:\Computer Programing\COMSC 265\Labs\Lab 1213\CustomerPurchases\CustomerPurchases\CustomerPurchases.vcxproj" on node 2 (build target(s)).
     1>InitializeBuildStatus:
         Creating "Debug\CustomerPurchases.unsuccessfulbuild" because "AlwaysCreate" was specified.
       ClCompile:
         All outputs are up-to-date.
         C:\Program Files\Microsoft Visual Studio 10.0\VC\bin\CL.exe /c /ZI /nologo /W3 /WX- /Od /Oy- /D WIN32 /D _DEBUG /D _CONSOLE /D _UNICODE /D UNICODE /Gm /EHsc /RTC1 /MDd /GS /fp:precise /Zc:wchar_t /Zc:forScope /Yu"StdAfx.h" /Fp"Debug\CustomerPurchases.pch" /Fo"Debug\\" /Fd"Debug\vc100.pdb" /Gd /TP /analyze- /errorReport:prompt CustomerPurchases.cpp
         CustomerPurchases.cpp
     1>e:\computer programing\comsc 265\labs\lab 1213\customerpurchases\customerpurchases\customerpurchases.cpp(222): warning C4101: 'i' : unreferenced local variable
     1>e:\computer programing\comsc 265\labs\lab 1213\customerpurchases\customerpurchases\customerpurchases.cpp(294): warning C4101: 'option' : unreferenced local variable
     1>e:\computer programing\comsc 265\labs\lab 1213\customerpurchases\customerpurchases\customerpurchases.cpp(395): warning C4101: 'i' : unreferenced local variable
     1>e:\computer programing\comsc 265\labs\lab 1213\customerpurchases\customerpurchases\customerpurchases.cpp(412): warning C4101: 'j' : unreferenced local variable
     1>e:\computer programing\comsc 265\labs\lab 1213\customerpurchases\customerpurchases\customerpurchases.cpp(479): warning C4018: '<' : signed/unsigned mismatch
       ManifestResourceCompile:
         All outputs are up-to-date.
       Link:
         C:\Program Files\Microsoft Visual Studio 10.0\VC\bin\link.exe /ERRORREPORT:PROMPT /OUT:"E:\Computer Programing\COMSC 265\Labs\Lab 1213\CustomerPurchases\Debug\CustomerPurchases.exe" /INCREMENTAL /NOLOGO kernel32.lib user32.lib gdi32.lib winspool.lib comdlg32.lib advapi32.lib shell32.lib ole32.lib oleaut32.lib uuid.lib odbc32.lib odbccp32.lib /MANIFEST /ManifestFile:"Debug\CustomerPurchases.exe.intermediate.manifest" /MANIFESTUAC:"level='asInvoker' uiAccess='false'" /DEBUG /PDB:"E:\Computer Programing\COMSC 265\Labs\Lab 1213\CustomerPurchases\Debug\CustomerPurchases.pdb" /SUBSYSTEM:CONSOLE /TLBID:1 /DYNAMICBASE /NXCOMPAT /IMPLIB:"E:\Computer Programing\COMSC 265\Labs\Lab 1213\CustomerPurchases\Debug\CustomerPurchases.lib" /MACHINE:X86 Debug\CustomerPurchases.exe.embed.manifest.res
         Debug\CustomerPurchases.obj
         Debug\stdafx.obj
       Manifest:
         C:\Program Files\Microsoft SDKs\Windows\v7.0A\bin\mt.exe /nologo /verbose /out:"Debug\CustomerPurchases.exe.embed.manifest" /manifest Debug\CustomerPurchases.exe.intermediate.manifest
         All outputs are up-to-date.
       LinkEmbedManifest:
         All outputs are up-to-date.
         CustomerPurchases.vcxproj -> E:\Computer Programing\COMSC 265\Labs\Lab 1213\CustomerPurchases\Debug\CustomerPurchases.exe
       FinalizeBuildStatus:
         Deleting file "Debug\CustomerPurchases.unsuccessfulbuild".
         Touching "Debug\CustomerPurchases.lastbuildstate".
     1>Done Building Project "E:\Computer Programing\COMSC 265\Labs\Lab 1213\CustomerPurchases\CustomerPurchases\CustomerPurchases.vcxproj" (build target(s)).

Build succeeded.

Time Elapsed 00:00:43.42
