Build started 10/4/2010 4:11:18 PM.
     1>Project "E:\Computer Programing\COMSC 265\Labs\Lab 1011\Swaping Program\Swaping Program\Swaping Program.vcxproj" on node 2 (build target(s)).
     1>InitializeBuildStatus:
         Creating "Debug\Swaping Program.unsuccessfulbuild" because "AlwaysCreate" was specified.
       ClCompile:
         C:\Program Files\Microsoft Visual Studio 10.0\VC\bin\CL.exe /c /ZI /nologo /W3 /WX- /Od /Oy- /D WIN32 /D _DEBUG /D _CONSOLE /D _UNICODE /D UNICODE /Gm /EHsc /RTC1 /MDd /GS /fp:precise /Zc:wchar_t /Zc:forScope /Yc"StdAfx.h" /Fp"Debug\Swaping Program.pch" /Fo"Debug\\" /Fd"Debug\vc100.pdb" /Gd /TP /analyze- /errorReport:prompt stdafx.cpp
         stdafx.cpp
         C:\Program Files\Microsoft Visual Studio 10.0\VC\bin\CL.exe /c /ZI /nologo /W3 /WX- /Od /Oy- /D WIN32 /D _DEBUG /D _CONSOLE /D _UNICODE /D UNICODE /Gm /EHsc /RTC1 /MDd /GS /fp:precise /Zc:wchar_t /Zc:forScope /Yu"StdAfx.h" /Fp"Debug\Swaping Program.pch" /Fo"Debug\\" /Fd"Debug\vc100.pdb" /Gd /TP /analyze- /errorReport:prompt "Swaping Program.cpp"
         Swaping Program.cpp
       ManifestResourceCompile:
         C:\Program Files\Microsoft SDKs\Windows\v7.0A\bin\rc.exe /nologo /fo"Debug\Swaping Program.exe.embed.manifest.res" "Debug\Swaping Program_manifest.rc" 
       Link:
         C:\Program Files\Microsoft Visual Studio 10.0\VC\bin\link.exe /ERRORREPORT:PROMPT /OUT:"E:\Computer Programing\COMSC 265\Labs\Lab 1011\Swaping Program\Debug\Swaping Program.exe" /INCREMENTAL /NOLOGO kernel32.lib user32.lib gdi32.lib winspool.lib comdlg32.lib advapi32.lib shell32.lib ole32.lib oleaut32.lib uuid.lib odbc32.lib odbccp32.lib /MANIFEST /ManifestFile:"Debug\Swaping Program.exe.intermediate.manifest" /MANIFESTUAC:"level='asInvoker' uiAccess='false'" /DEBUG /PDB:"E:\Computer Programing\COMSC 265\Labs\Lab 1011\Swaping Program\Debug\Swaping Program.pdb" /SUBSYSTEM:CONSOLE /TLBID:1 /DYNAMICBASE /NXCOMPAT /IMPLIB:"E:\Computer Programing\COMSC 265\Labs\Lab 1011\Swaping Program\Debug\Swaping Program.lib" /MACHINE:X86 "Debug\Swaping Program.exe.embed.manifest.res"
         Debug\stdafx.obj
         "Debug\Swaping Program.obj"
       Manifest:
         C:\Program Files\Microsoft SDKs\Windows\v7.0A\bin\mt.exe /nologo /verbose /out:"Debug\Swaping Program.exe.embed.manifest" /manifest "Debug\Swaping Program.exe.intermediate.manifest"
         All outputs are up-to-date.
       LinkEmbedManifest:
         All outputs are up-to-date.
         Swaping Program.vcxproj -> E:\Computer Programing\COMSC 265\Labs\Lab 1011\Swaping Program\Debug\Swaping Program.exe
       FinalizeBuildStatus:
         Deleting file "Debug\Swaping Program.unsuccessfulbuild".
         Touching "Debug\Swaping Program.lastbuildstate".
     1>Done Building Project "E:\Computer Programing\COMSC 265\Labs\Lab 1011\Swaping Program\Swaping Program\Swaping Program.vcxproj" (build target(s)).

Build succeeded.

Time Elapsed 00:00:19.06
