Build started 11/20/2010 8:43:14 PM.
     1>Project "J:\Computer Programing\COMSC 265\Labs\Lab 19 - Recursion\Towers of Hanoi(Recursion)\Towers of Hanoi(Recursion)\Towers of Hanoi(Recursion).vcxproj" on node 2 (build target(s)).
     1>InitializeBuildStatus:
         Creating "Debug\Towers of Hanoi(Recursion).unsuccessfulbuild" because "AlwaysCreate" was specified.
       ClCompile:
         All outputs are up-to-date.
         C:\Program Files (x86)\Microsoft Visual Studio 10.0\VC\bin\CL.exe /c /ZI /nologo /W3 /WX- /Od /Oy- /D WIN32 /D _DEBUG /D _CONSOLE /D _UNICODE /D UNICODE /Gm /EHsc /RTC1 /MDd /GS /fp:precise /Zc:wchar_t /Zc:forScope /Yu"StdAfx.h" /Fp"Debug\Towers of Hanoi(Recursion).pch" /Fo"Debug\\" /Fd"Debug\vc100.pdb" /Gd /TP /analyze- /errorReport:prompt "Towers of Hanoi(Recursion).cpp"
         Towers of Hanoi(Recursion).cpp
       ManifestResourceCompile:
         All outputs are up-to-date.
       Link:
         C:\Program Files (x86)\Microsoft Visual Studio 10.0\VC\bin\link.exe /ERRORREPORT:PROMPT /OUT:"J:\Computer Programing\COMSC 265\Labs\Lab 19 - Recursion\Towers of Hanoi(Recursion)\Debug\Towers of Hanoi(Recursion).exe" /INCREMENTAL /NOLOGO kernel32.lib user32.lib gdi32.lib winspool.lib comdlg32.lib advapi32.lib shell32.lib ole32.lib oleaut32.lib uuid.lib odbc32.lib odbccp32.lib /MANIFEST /ManifestFile:"Debug\Towers of Hanoi(Recursion).exe.intermediate.manifest" /MANIFESTUAC:"level='asInvoker' uiAccess='false'" /DEBUG /PDB:"J:\Computer Programing\COMSC 265\Labs\Lab 19 - Recursion\Towers of Hanoi(Recursion)\Debug\Towers of Hanoi(Recursion).pdb" /SUBSYSTEM:CONSOLE /TLBID:1 /DYNAMICBASE /NXCOMPAT /IMPLIB:"J:\Computer Programing\COMSC 265\Labs\Lab 19 - Recursion\Towers of Hanoi(Recursion)\Debug\Towers of Hanoi(Recursion).lib" /MACHINE:X86 "Debug\Towers of Hanoi(Recursion).exe.embed.manifest.res"
         Debug\stdafx.obj
         "Debug\Towers of Hanoi(Recursion).obj"
       Manifest:
         C:\Program Files (x86)\Microsoft SDKs\Windows\v7.0A\bin\mt.exe /nologo /verbose /out:"Debug\Towers of Hanoi(Recursion).exe.embed.manifest" /manifest "Debug\Towers of Hanoi(Recursion).exe.intermediate.manifest"
         All outputs are up-to-date.
       LinkEmbedManifest:
         All outputs are up-to-date.
         Towers of Hanoi(Recursion).vcxproj -> J:\Computer Programing\COMSC 265\Labs\Lab 19 - Recursion\Towers of Hanoi(Recursion)\Debug\Towers of Hanoi(Recursion).exe
       FinalizeBuildStatus:
         Deleting file "Debug\Towers of Hanoi(Recursion).unsuccessfulbuild".
         Touching "Debug\Towers of Hanoi(Recursion).lastbuildstate".
     1>Done Building Project "J:\Computer Programing\COMSC 265\Labs\Lab 19 - Recursion\Towers of Hanoi(Recursion)\Towers of Hanoi(Recursion)\Towers of Hanoi(Recursion).vcxproj" (build target(s)).

Build succeeded.

Time Elapsed 00:00:16.27
