Build started 9/29/2010 7:48:25 PM.
     1>Project "M:\Computer Programing\COMSC 265\Labs\Lab 9\Word Count\Word Count\Word Count.vcxproj" on node 2 (build target(s)).
     1>InitializeBuildStatus:
         Creating "Debug\Word Count.unsuccessfulbuild" because "AlwaysCreate" was specified.
       ClCompile:
         All outputs are up-to-date.
         C:\Program Files (x86)\Microsoft Visual Studio 10.0\VC\bin\CL.exe /c /ZI /nologo /W3 /WX- /Od /Oy- /D WIN32 /D _DEBUG /D _CONSOLE /D _UNICODE /D UNICODE /Gm /EHsc /RTC1 /MDd /GS /fp:precise /Zc:wchar_t /Zc:forScope /Yu"StdAfx.h" /Fp"Debug\Word Count.pch" /Fo"Debug\\" /Fd"Debug\vc100.pdb" /Gd /TP /analyze- /errorReport:prompt "Word Count.cpp"
         Word Count.cpp
     1>m:\computer programing\comsc 265\labs\lab 9\word count\word count\word count.cpp(29): warning C4018: '<' : signed/unsigned mismatch
     1>m:\computer programing\comsc 265\labs\lab 9\word count\word count\word count.cpp(35): warning C4018: '<' : signed/unsigned mismatch
       ManifestResourceCompile:
         All outputs are up-to-date.
       Link:
         C:\Program Files (x86)\Microsoft Visual Studio 10.0\VC\bin\link.exe /ERRORREPORT:PROMPT /OUT:"M:\Computer Programing\COMSC 265\Labs\Lab 9\Word Count\Debug\Word Count.exe" /INCREMENTAL /NOLOGO kernel32.lib user32.lib gdi32.lib winspool.lib comdlg32.lib advapi32.lib shell32.lib ole32.lib oleaut32.lib uuid.lib odbc32.lib odbccp32.lib /MANIFEST /ManifestFile:"Debug\Word Count.exe.intermediate.manifest" /MANIFESTUAC:"level='asInvoker' uiAccess='false'" /DEBUG /PDB:"M:\Computer Programing\COMSC 265\Labs\Lab 9\Word Count\Debug\Word Count.pdb" /SUBSYSTEM:CONSOLE /TLBID:1 /DYNAMICBASE /NXCOMPAT /IMPLIB:"M:\Computer Programing\COMSC 265\Labs\Lab 9\Word Count\Debug\Word Count.lib" /MACHINE:X86 "Debug\Word Count.exe.embed.manifest.res"
         Debug\stdafx.obj
         "Debug\Word Count.obj"
       Manifest:
         C:\Program Files (x86)\Microsoft SDKs\Windows\v7.0A\bin\mt.exe /nologo /verbose /out:"Debug\Word Count.exe.embed.manifest" /manifest "Debug\Word Count.exe.intermediate.manifest"
         All outputs are up-to-date.
       LinkEmbedManifest:
         All outputs are up-to-date.
         Word Count.vcxproj -> M:\Computer Programing\COMSC 265\Labs\Lab 9\Word Count\Debug\Word Count.exe
       FinalizeBuildStatus:
         Deleting file "Debug\Word Count.unsuccessfulbuild".
         Touching "Debug\Word Count.lastbuildstate".
     1>Done Building Project "M:\Computer Programing\COMSC 265\Labs\Lab 9\Word Count\Word Count\Word Count.vcxproj" (build target(s)).

Build succeeded.

Time Elapsed 00:00:18.00
