Build started 11/20/2010 4:46:34 PM.
     1>Project "J:\Computer Programing\COMSC 265\Labs\Lab 17\15 Sum Game\15 Sum Game\15 Sum Game.vcxproj" on node 2 (build target(s)).
     1>PrepareForBuild:
         Creating directory "J:\Computer Programing\COMSC 265\Labs\Lab 17\15 Sum Game\Debug\".
       InitializeBuildStatus:
         Creating "Debug\15 Sum Game.unsuccessfulbuild" because "AlwaysCreate" was specified.
       ClCompile:
         C:\Program Files (x86)\Microsoft Visual Studio 10.0\VC\bin\CL.exe /c /ZI /nologo /W3 /WX- /Od /Oy- /D WIN32 /D _DEBUG /D _CONSOLE /D _UNICODE /D UNICODE /Gm /EHsc /RTC1 /MDd /GS /fp:precise /Zc:wchar_t /Zc:forScope /Yc"StdAfx.h" /Fp"Debug\15 Sum Game.pch" /Fo"Debug\\" /Fd"Debug\vc100.pdb" /Gd /TP /analyze- /errorReport:prompt stdafx.cpp
         stdafx.cpp
         C:\Program Files (x86)\Microsoft Visual Studio 10.0\VC\bin\CL.exe /c /ZI /nologo /W3 /WX- /Od /Oy- /D WIN32 /D _DEBUG /D _CONSOLE /D _UNICODE /D UNICODE /Gm /EHsc /RTC1 /MDd /GS /fp:precise /Zc:wchar_t /Zc:forScope /Yu"StdAfx.h" /Fp"Debug\15 Sum Game.pch" /Fo"Debug\\" /Fd"Debug\vc100.pdb" /Gd /TP /analyze- /errorReport:prompt "15 Sum Game.cpp"
         15 Sum Game.cpp
     1>j:\computer programing\comsc 265\labs\lab 17\15 sum game\15 sum game\15 sum game.cpp(57): warning C4129: 's' : unrecognized character escape sequence
       ManifestResourceCompile:
         C:\Program Files (x86)\Microsoft SDKs\Windows\v7.0A\bin\rc.exe /nologo /fo"Debug\15 Sum Game.exe.embed.manifest.res" "Debug\15 Sum Game_manifest.rc" 
       Link:
         C:\Program Files (x86)\Microsoft Visual Studio 10.0\VC\bin\link.exe /ERRORREPORT:PROMPT /OUT:"J:\Computer Programing\COMSC 265\Labs\Lab 17\15 Sum Game\Debug\15 Sum Game.exe" /INCREMENTAL /NOLOGO kernel32.lib user32.lib gdi32.lib winspool.lib comdlg32.lib advapi32.lib shell32.lib ole32.lib oleaut32.lib uuid.lib odbc32.lib odbccp32.lib /MANIFEST /ManifestFile:"Debug\15 Sum Game.exe.intermediate.manifest" /MANIFESTUAC:"level='asInvoker' uiAccess='false'" /DEBUG /PDB:"J:\Computer Programing\COMSC 265\Labs\Lab 17\15 Sum Game\Debug\15 Sum Game.pdb" /SUBSYSTEM:CONSOLE /TLBID:1 /DYNAMICBASE /NXCOMPAT /IMPLIB:"J:\Computer Programing\COMSC 265\Labs\Lab 17\15 Sum Game\Debug\15 Sum Game.lib" /MACHINE:X86 "Debug\15 Sum Game.exe.embed.manifest.res"
         "Debug\15 Sum Game.obj"
         Debug\stdafx.obj
       Manifest:
         C:\Program Files (x86)\Microsoft SDKs\Windows\v7.0A\bin\mt.exe /nologo /verbose /out:"Debug\15 Sum Game.exe.embed.manifest" /manifest "Debug\15 Sum Game.exe.intermediate.manifest"
         C:\Program Files (x86)\Microsoft SDKs\Windows\v7.0A\bin\rc.exe /nologo /fo"Debug\15 Sum Game.exe.embed.manifest.res" "Debug\15 Sum Game_manifest.rc" 
       LinkEmbedManifest:
         C:\Program Files (x86)\Microsoft Visual Studio 10.0\VC\bin\link.exe /ERRORREPORT:PROMPT /OUT:"J:\Computer Programing\COMSC 265\Labs\Lab 17\15 Sum Game\Debug\15 Sum Game.exe" /INCREMENTAL /NOLOGO kernel32.lib user32.lib gdi32.lib winspool.lib comdlg32.lib advapi32.lib shell32.lib ole32.lib oleaut32.lib uuid.lib odbc32.lib odbccp32.lib /MANIFEST /ManifestFile:"Debug\15 Sum Game.exe.intermediate.manifest" /MANIFESTUAC:"level='asInvoker' uiAccess='false'" /DEBUG /PDB:"J:\Computer Programing\COMSC 265\Labs\Lab 17\15 Sum Game\Debug\15 Sum Game.pdb" /SUBSYSTEM:CONSOLE /TLBID:1 /DYNAMICBASE /NXCOMPAT /IMPLIB:"J:\Computer Programing\COMSC 265\Labs\Lab 17\15 Sum Game\Debug\15 Sum Game.lib" /MACHINE:X86 "Debug\15 Sum Game.exe.embed.manifest.res"
         "Debug\15 Sum Game.obj"
         Debug\stdafx.obj
         15 Sum Game.vcxproj -> J:\Computer Programing\COMSC 265\Labs\Lab 17\15 Sum Game\Debug\15 Sum Game.exe
       FinalizeBuildStatus:
         Deleting file "Debug\15 Sum Game.unsuccessfulbuild".
         Touching "Debug\15 Sum Game.lastbuildstate".
     1>Done Building Project "J:\Computer Programing\COMSC 265\Labs\Lab 17\15 Sum Game\15 Sum Game\15 Sum Game.vcxproj" (build target(s)).

Build succeeded.

Time Elapsed 00:00:40.92
