Build started 2/3/2012 5:45:41 PM.
     1>Project "L:\Computer Programing\COMSC 265\Final Project\Memory\Memory\Memory.vcxproj" on node 2 (build target(s)).
     1>InitializeBuildStatus:
         Creating "Debug\Memory.unsuccessfulbuild" because "AlwaysCreate" was specified.
       ClCompile:
         All outputs are up-to-date.
         C:\Program Files (x86)\Microsoft Visual Studio 10.0\VC\bin\CL.exe /c /ZI /nologo /W3 /WX- /Od /Oy- /D WIN32 /D _DEBUG /D _CONSOLE /D _UNICODE /D UNICODE /Gm /EHsc /RTC1 /MDd /GS /fp:precise /Zc:wchar_t /Zc:forScope /Yu"StdAfx.h" /Fp"Debug\Memory.pch" /Fo"Debug\\" /Fd"Debug\vc100.pdb" /Gd /TP /analyze- /errorReport:prompt Memory.cpp
         Memory.cpp
     1>l:\computer programing\comsc 265\final project\memory\memory\memory.cpp(167): warning C4101: 'sec' : unreferenced local variable
     1>l:\computer programing\comsc 265\final project\memory\memory\memory.cpp(167): warning C4101: 'min' : unreferenced local variable
     1>l:\computer programing\comsc 265\final project\memory\memory\memory.cpp(167): warning C4101: 'pos' : unreferenced local variable
     1>l:\computer programing\comsc 265\final project\memory\memory\memory.cpp(274): warning C4101: 'dif' : unreferenced local variable
     1>l:\computer programing\comsc 265\final project\memory\memory\memory.cpp(343): warning C4309: '=' : truncation of constant value
     1>l:\computer programing\comsc 265\final project\memory\memory\memory.cpp(347): warning C4309: '=' : truncation of constant value
     1>l:\computer programing\comsc 265\final project\memory\memory\memory.cpp(351): warning C4309: '=' : truncation of constant value
     1>l:\computer programing\comsc 265\final project\memory\memory\memory.cpp(358): warning C4309: '=' : truncation of constant value
     1>l:\computer programing\comsc 265\final project\memory\memory\memory.cpp(362): warning C4309: '=' : truncation of constant value
     1>l:\computer programing\comsc 265\final project\memory\memory\memory.cpp(366): warning C4309: '=' : truncation of constant value
     1>l:\computer programing\comsc 265\final project\memory\memory\memory.cpp(373): warning C4309: '=' : truncation of constant value
     1>l:\computer programing\comsc 265\final project\memory\memory\memory.cpp(456): warning C4244: 'argument' : conversion from 'time_t' to 'unsigned int', possible loss of data
     1>l:\computer programing\comsc 265\final project\memory\memory\memory.cpp(686): warning C4076: 'unsigned' : can not be used with type 'double'
     1>l:\computer programing\comsc 265\final project\memory\memory\memory.cpp(687): warning C4244: '=' : conversion from 'double' to 'unsigned int', possible loss of data
     1>l:\computer programing\comsc 265\final project\memory\memory\memory.cpp(959): warning C4996: 'localtime': This function or variable may be unsafe. Consider using localtime_s instead. To disable deprecation, use _CRT_SECURE_NO_WARNINGS. See online help for details.
                 c:\program files (x86)\microsoft visual studio 10.0\vc\include\time.inl(112) : see declaration of 'localtime'
     1>l:\computer programing\comsc 265\final project\memory\memory\memory.cpp(981): warning C4018: '<' : signed/unsigned mismatch
     1>l:\computer programing\comsc 265\final project\memory\memory\memory.cpp(267): warning C4715: 'mainMenu' : not all control paths return a value
       ManifestResourceCompile:
         All outputs are up-to-date.
       Link:
         C:\Program Files (x86)\Microsoft Visual Studio 10.0\VC\bin\link.exe /ERRORREPORT:PROMPT /OUT:"L:\Computer Programing\COMSC 265\Final Project\Memory\Debug\Memory.exe" /INCREMENTAL /NOLOGO kernel32.lib user32.lib gdi32.lib winspool.lib comdlg32.lib advapi32.lib shell32.lib ole32.lib oleaut32.lib uuid.lib odbc32.lib odbccp32.lib /MANIFEST /ManifestFile:"Debug\Memory.exe.intermediate.manifest" /MANIFESTUAC:"level='asInvoker' uiAccess='false'" /DEBUG /PDB:"L:\Computer Programing\COMSC 265\Final Project\Memory\Debug\Memory.pdb" /SUBSYSTEM:CONSOLE /TLBID:1 /DYNAMICBASE /NXCOMPAT /IMPLIB:"L:\Computer Programing\COMSC 265\Final Project\Memory\Debug\Memory.lib" /MACHINE:X86 Debug\Memory.exe.embed.manifest.res
         Debug\Memory.obj
         Debug\stdafx.obj
       Manifest:
         C:\Program Files (x86)\Microsoft SDKs\Windows\v7.0A\bin\mt.exe /nologo /verbose /out:"Debug\Memory.exe.embed.manifest" /manifest Debug\Memory.exe.intermediate.manifest
         All outputs are up-to-date.
       LinkEmbedManifest:
         All outputs are up-to-date.
         Memory.vcxproj -> L:\Computer Programing\COMSC 265\Final Project\Memory\Debug\Memory.exe
       FinalizeBuildStatus:
         Deleting file "Debug\Memory.unsuccessfulbuild".
         Touching "Debug\Memory.lastbuildstate".
     1>Done Building Project "L:\Computer Programing\COMSC 265\Final Project\Memory\Memory\Memory.vcxproj" (build target(s)).

Build succeeded.

Time Elapsed 00:00:17.37
