Build started 10/4/2010 4:49:40 PM.
     1>Project "E:\Computer Programing\COMSC 265\Labs\Lab 1011\Printing Memory Address\Printing Memory Address\Printing Memory Address.vcxproj" on node 2 (build target(s)).
     1>InitializeBuildStatus:
         Creating "Debug\Printing Memory Address.unsuccessfulbuild" because "AlwaysCreate" was specified.
       ClCompile:
         All outputs are up-to-date.
         C:\Program Files\Microsoft Visual Studio 10.0\VC\bin\CL.exe /c /ZI /nologo /W3 /WX- /Od /Oy- /D WIN32 /D _DEBUG /D _CONSOLE /D _UNICODE /D UNICODE /Gm /EHsc /RTC1 /MDd /GS /fp:precise /Zc:wchar_t /Zc:forScope /Yu"StdAfx.h" /Fp"Debug\Printing Memory Address.pch" /Fo"Debug\\" /Fd"Debug\vc100.pdb" /Gd /TP /analyze- /errorReport:prompt "Printing Memory Address.cpp"
         Printing Memory Address.cpp
       ManifestResourceCompile:
         All outputs are up-to-date.
       Link:
         C:\Program Files\Microsoft Visual Studio 10.0\VC\bin\link.exe /ERRORREPORT:PROMPT /OUT:"E:\Computer Programing\COMSC 265\Labs\Lab 1011\Printing Memory Address\Debug\Printing Memory Address.exe" /INCREMENTAL /NOLOGO kernel32.lib user32.lib gdi32.lib winspool.lib comdlg32.lib advapi32.lib shell32.lib ole32.lib oleaut32.lib uuid.lib odbc32.lib odbccp32.lib /MANIFEST /ManifestFile:"Debug\Printing Memory Address.exe.intermediate.manifest" /MANIFESTUAC:"level='asInvoker' uiAccess='false'" /DEBUG /PDB:"E:\Computer Programing\COMSC 265\Labs\Lab 1011\Printing Memory Address\Debug\Printing Memory Address.pdb" /SUBSYSTEM:CONSOLE /TLBID:1 /DYNAMICBASE /NXCOMPAT /IMPLIB:"E:\Computer Programing\COMSC 265\Labs\Lab 1011\Printing Memory Address\Debug\Printing Memory Address.lib" /MACHINE:X86 "Debug\Printing Memory Address.exe.embed.manifest.res"
         "Debug\Printing Memory Address.obj"
         Debug\stdafx.obj
       Manifest:
         C:\Program Files\Microsoft SDKs\Windows\v7.0A\bin\mt.exe /nologo /verbose /out:"Debug\Printing Memory Address.exe.embed.manifest" /manifest "Debug\Printing Memory Address.exe.intermediate.manifest"
         All outputs are up-to-date.
       LinkEmbedManifest:
         All outputs are up-to-date.
         Printing Memory Address.vcxproj -> E:\Computer Programing\COMSC 265\Labs\Lab 1011\Printing Memory Address\Debug\Printing Memory Address.exe
       FinalizeBuildStatus:
         Deleting file "Debug\Printing Memory Address.unsuccessfulbuild".
         Touching "Debug\Printing Memory Address.lastbuildstate".
     1>Done Building Project "E:\Computer Programing\COMSC 265\Labs\Lab 1011\Printing Memory Address\Printing Memory Address\Printing Memory Address.vcxproj" (build target(s)).

Build succeeded.

Time Elapsed 00:00:47.85
