Build started 11/21/2010 12:38:19 AM.
     1>Project "J:\Computer Programing\COMSC 265\Labs\Lab 15-16 - C Library Functions\length\length\length.vcxproj" on node 2 (build target(s)).
     1>InitializeBuildStatus:
         Creating "Debug\length.unsuccessfulbuild" because "AlwaysCreate" was specified.
       ClCompile:
         All outputs are up-to-date.
         C:\Program Files (x86)\Microsoft Visual Studio 10.0\VC\bin\CL.exe /c /ZI /nologo /W3 /WX- /Od /Oy- /D WIN32 /D _DEBUG /D _CONSOLE /D _UNICODE /D UNICODE /Gm /EHsc /RTC1 /MDd /GS /fp:precise /Zc:wchar_t /Zc:forScope /Yu"StdAfx.h" /Fp"Debug\length.pch" /Fo"Debug\\" /Fd"Debug\vc100.pdb" /Gd /TP /analyze- /errorReport:prompt length.cpp
         length.cpp
       ManifestResourceCompile:
         All outputs are up-to-date.
       Link:
         C:\Program Files (x86)\Microsoft Visual Studio 10.0\VC\bin\link.exe /ERRORREPORT:PROMPT /OUT:"J:\Computer Programing\COMSC 265\Labs\Lab 15-16 - C Library Functions\length\Debug\length.exe" /INCREMENTAL /NOLOGO kernel32.lib user32.lib gdi32.lib winspool.lib comdlg32.lib advapi32.lib shell32.lib ole32.lib oleaut32.lib uuid.lib odbc32.lib odbccp32.lib /MANIFEST /ManifestFile:"Debug\length.exe.intermediate.manifest" /MANIFESTUAC:"level='asInvoker' uiAccess='false'" /DEBUG /PDB:"J:\Computer Programing\COMSC 265\Labs\Lab 15-16 - C Library Functions\length\Debug\length.pdb" /SUBSYSTEM:CONSOLE /TLBID:1 /DYNAMICBASE /NXCOMPAT /IMPLIB:"J:\Computer Programing\COMSC 265\Labs\Lab 15-16 - C Library Functions\length\Debug\length.lib" /MACHINE:X86 Debug\length.exe.embed.manifest.res
         Debug\length.obj
         Debug\stdafx.obj
       Manifest:
         C:\Program Files (x86)\Microsoft SDKs\Windows\v7.0A\bin\mt.exe /nologo /verbose /out:"Debug\length.exe.embed.manifest" /manifest Debug\length.exe.intermediate.manifest
         All outputs are up-to-date.
       LinkEmbedManifest:
         All outputs are up-to-date.
         length.vcxproj -> J:\Computer Programing\COMSC 265\Labs\Lab 15-16 - C Library Functions\length\Debug\length.exe
       FinalizeBuildStatus:
         Deleting file "Debug\length.unsuccessfulbuild".
         Touching "Debug\length.lastbuildstate".
     1>Done Building Project "J:\Computer Programing\COMSC 265\Labs\Lab 15-16 - C Library Functions\length\length\length.vcxproj" (build target(s)).

Build succeeded.

Time Elapsed 00:00:20.35
